# JRE version: Java(TM) SE Runtime Environment (21.0.5+9) (build 21.0.5+9-LTS-239)
# Java VM: Java HotSpot(TM) 64-Bit Server VM (21.0.5+9-LTS-239, mixed mode, emulated-client, sharing, tiered, compressed oops, compressed class ptrs, g1 gc, windows-amd64)
GC Precious Log:
 CardTable entry size: 512
 Card Set container configuration: InlinePtr #cards 4 size 8 Array Of Cards #cards 16 size 48 Howl #buckets 8 coarsen threshold 3686 Howl Bitmap #cards 512 size 80 coarsen threshold 460 Card regions per heap region 1 cards per card region 4096
 CPUs: 16 total, 16 available
 Memory: 16021M
 Large Page Support: Disabled
 NUMA Support: Disabled
 Compressed Oops: Enabled (Zero based)
 Heap Region Size: 2M
 Heap Min Capacity: 8M
 Heap Initial Capacity: 252M
 Heap Max Capacity: 4006M
 Pre-touch: Disabled
 Parallel Workers: 13
 Concurrent Workers: 3
 Concurrent Refinement Workers: 13
 Periodic GC: Disabled
Heap:
 garbage-first heap   total 73728K, used 40334K [0x0000000705a00000, 0x0000000800000000)
  region size 2048K, 10 young (20480K), 3 survivors (6144K)
 Metaspace       used 52223K, committed 52800K, reserved 1114112K
  class space    used 7016K, committed 7232K, reserved 1048576K
GC Heap History (20 events):
Event: 0.917 GC heap before
{Heap before GC invocations=1 (full 0):
 garbage-first heap   total 258048K, used 29595K [0x0000000705a00000, 0x0000000800000000)
  region size 2048K, 12 young (24576K), 2 survivors (4096K)
 Metaspace       used 9660K, committed 9920K, reserved 1114112K
  class space    used 1222K, committed 1344K, reserved 1048576K
}
Event: 0.920 GC heap after
{Heap after GC invocations=2 (full 0):
 garbage-first heap   total 258048K, used 11325K [0x0000000705a00000, 0x0000000800000000)
  region size 2048K, 2 young (4096K), 2 survivors (4096K)
 Metaspace       used 9660K, committed 9920K, reserved 1114112K
  class space    used 1222K, committed 1344K, reserved 1048576K
}
Event: 1.208 GC heap before
{Heap before GC invocations=2 (full 0):
 garbage-first heap   total 258048K, used 27709K [0x0000000705a00000, 0x0000000800000000)
  region size 2048K, 11 young (22528K), 2 survivors (4096K)
 Metaspace       used 13739K, committed 14016K, reserved 1114112K
  class space    used 1831K, committed 1920K, reserved 1048576K
}
Event: 1.212 GC heap after
{Heap after GC invocations=3 (full 0):
 garbage-first heap   total 258048K, used 13205K [0x0000000705a00000, 0x0000000800000000)
  region size 2048K, 2 young (4096K), 2 survivors (4096K)
 Metaspace       used 13739K, committed 14016K, reserved 1114112K
  class space    used 1831K, committed 1920K, reserved 1048576K
}
Event: 1.541 GC heap before
{Heap before GC invocations=4 (full 0):
 garbage-first heap   total 55296K, used 52117K [0x0000000705a00000, 0x0000000800000000)
  region size 2048K, 22 young (45056K), 2 survivors (4096K)
 Metaspace       used 22028K, committed 22400K, reserved 1114112K
  class space    used 2955K, committed 3136K, reserved 1048576K
}
Event: 1.548 GC heap after
{Heap after GC invocations=5 (full 0):
 garbage-first heap   total 63488K, used 16304K [0x0000000705a00000, 0x0000000800000000)
  region size 2048K, 4 young (8192K), 4 survivors (8192K)
 Metaspace       used 22028K, committed 22400K, reserved 1114112K
  class space    used 2955K, committed 3136K, reserved 1048576K
}
Event: 1.588 GC heap before
{Heap before GC invocations=5 (full 0):
 garbage-first heap   total 63488K, used 20400K [0x0000000705a00000, 0x0000000800000000)
  region size 2048K, 7 young (14336K), 4 survivors (8192K)
 Metaspace       used 22955K, committed 23360K, reserved 1114112K
  class space    used 3077K, committed 3264K, reserved 1048576K
}
Event: 1.593 GC heap after
{Heap after GC invocations=6 (full 0):
 garbage-first heap   total 63488K, used 17198K [0x0000000705a00000, 0x0000000800000000)
  region size 2048K, 2 young (4096K), 2 survivors (4096K)
 Metaspace       used 22955K, committed 23360K, reserved 1114112K
  class space    used 3077K, committed 3264K, reserved 1048576K
}
Event: 1.602 GC heap before
{Heap before GC invocations=6 (full 0):
 garbage-first heap   total 63488K, used 17198K [0x0000000705a00000, 0x0000000800000000)
  region size 2048K, 3 young (6144K), 2 survivors (4096K)
 Metaspace       used 23247K, committed 23680K, reserved 1114112K
  class space    used 3111K, committed 3328K, reserved 1048576K
}
Event: 1.605 GC heap after
{Heap after GC invocations=7 (full 0):
 garbage-first heap   total 161792K, used 16939K [0x0000000705a00000, 0x0000000800000000)
  region size 2048K, 1 young (2048K), 1 survivors (2048K)
 Metaspace       used 23247K, committed 23680K, reserved 1114112K
  class space    used 3111K, committed 3328K, reserved 1048576K
}
Event: 2.440 GC heap before
{Heap before GC invocations=8 (full 0):
 garbage-first heap   total 69632K, used 66091K [0x0000000705a00000, 0x0000000800000000)
  region size 2048K, 26 young (53248K), 1 survivors (2048K)
 Metaspace       used 32704K, committed 33152K, reserved 1114112K
  class space    used 4328K, committed 4544K, reserved 1048576K
}
Event: 2.446 GC heap after
{Heap after GC invocations=9 (full 0):
 garbage-first heap   total 73728K, used 19648K [0x0000000705a00000, 0x0000000800000000)
  region size 2048K, 2 young (4096K), 2 survivors (4096K)
 Metaspace       used 32704K, committed 33152K, reserved 1114112K
  class space    used 4328K, committed 4544K, reserved 1048576K
}
Event: 3.186 GC heap before
{Heap before GC invocations=9 (full 0):
 garbage-first heap   total 73728K, used 58560K [0x0000000705a00000, 0x0000000800000000)
  region size 2048K, 21 young (43008K), 2 survivors (4096K)
 Metaspace       used 38737K, committed 39168K, reserved 1114112K
  class space    used 5104K, committed 5312K, reserved 1048576K
}
Event: 3.196 GC heap after
{Heap after GC invocations=10 (full 0):
 garbage-first heap   total 73728K, used 22188K [0x0000000705a00000, 0x0000000800000000)
  region size 2048K, 3 young (6144K), 3 survivors (6144K)
 Metaspace       used 38737K, committed 39168K, reserved 1114112K
  class space    used 5104K, committed 5312K, reserved 1048576K
}
Event: 3.305 GC heap before
{Heap before GC invocations=10 (full 0):
 garbage-first heap   total 73728K, used 28332K [0x0000000705a00000, 0x0000000800000000)
  region size 2048K, 7 young (14336K), 3 survivors (6144K)
 Metaspace       used 39381K, committed 39808K, reserved 1114112K
  class space    used 5167K, committed 5376K, reserved 1048576K
}
Event: 3.312 GC heap after
{Heap after GC invocations=11 (full 0):
 garbage-first heap   total 73728K, used 23587K [0x0000000705a00000, 0x0000000800000000)
  region size 2048K, 1 young (2048K), 1 survivors (2048K)
 Metaspace       used 39381K, committed 39808K, reserved 1114112K
  class space    used 5167K, committed 5376K, reserved 1048576K
}
Event: 3.974 GC heap before
{Heap before GC invocations=12 (full 0):
 garbage-first heap   total 73728K, used 60451K [0x0000000705a00000, 0x0000000800000000)
  region size 2048K, 19 young (38912K), 1 survivors (2048K)
 Metaspace       used 43619K, committed 44160K, reserved 1114112K
  class space    used 5771K, committed 6016K, reserved 1048576K
}
Event: 3.981 GC heap after
{Heap after GC invocations=13 (full 0):
 garbage-first heap   total 73728K, used 25635K [0x0000000705a00000, 0x0000000800000000)
  region size 2048K, 2 young (4096K), 2 survivors (4096K)
 Metaspace       used 43619K, committed 44160K, reserved 1114112K
  class space    used 5771K, committed 6016K, reserved 1048576K
}
Event: 4.624 GC heap before
{Heap before GC invocations=13 (full 0):
 garbage-first heap   total 73728K, used 60451K [0x0000000705a00000, 0x0000000800000000)
  region size 2048K, 20 young (40960K), 2 survivors (4096K)
 Metaspace       used 49418K, committed 50048K, reserved 1114112K
  class space    used 6524K, committed 6784K, reserved 1048576K
}
Event: 4.635 GC heap after
{Heap after GC invocations=14 (full 0):
 garbage-first heap   total 73728K, used 28046K [0x0000000705a00000, 0x0000000800000000)
  region size 2048K, 3 young (6144K), 3 survivors (6144K)
 Metaspace       used 49418K, committed 50048K, reserved 1114112K
  class space    used 6524K, committed 6784K, reserved 1048576K
}

