# JRE version: Java(TM) SE Runtime Environment (21.0.5+9) (build 21.0.5+9-LTS-239)
# Java VM: Java HotSpot(TM) 64-Bit Server VM (21.0.5+9-LTS-239, mixed mode, emulated-client, sharing, tiered, compressed oops, compressed class ptrs, g1 gc, windows-amd64)
GC Precious Log:
 CardTable entry size: 512
 Card Set container configuration: InlinePtr #cards 4 size 8 Array Of Cards #cards 16 size 48 Howl #buckets 8 coarsen threshold 3686 Howl Bitmap #cards 512 size 80 coarsen threshold 460 Card regions per heap region 1 cards per card region 4096
 CPUs: 16 total, 16 available
 Memory: 16021M
 Large Page Support: Disabled
 NUMA Support: Disabled
 Compressed Oops: Enabled (Zero based)
 Heap Region Size: 2M
 Heap Min Capacity: 8M
 Heap Initial Capacity: 252M
 Heap Max Capacity: 4006M
 Pre-touch: Disabled
 Parallel Workers: 13
 Concurrent Workers: 3
 Concurrent Refinement Workers: 13
 Periodic GC: Disabled
Heap:
 garbage-first heap   total 63488K, used 17907K [0x0000000705a00000, 0x0000000800000000)
  region size 2048K, 2 young (4096K), 2 survivors (4096K)
 Metaspace       used 28586K, committed 28992K, reserved 1114112K
  class space    used 3865K, committed 4032K, reserved 1048576K
GC Heap History (13 events):
Event: 0.626 GC heap before
{Heap before GC invocations=0 (full 0):
 garbage-first heap   total 258048K, used 20480K [0x0000000705a00000, 0x0000000800000000)
  region size 2048K, 11 young (22528K), 0 survivors (0K)
 Metaspace       used 4221K, committed 4416K, reserved 1114112K
  class space    used 491K, committed 576K, reserved 1048576K
}
Event: 0.632 GC heap after
{Heap after GC invocations=1 (full 0):
 garbage-first heap   total 258048K, used 8906K [0x0000000705a00000, 0x0000000800000000)
  region size 2048K, 2 young (4096K), 2 survivors (4096K)
 Metaspace       used 4221K, committed 4416K, reserved 1114112K
  class space    used 491K, committed 576K, reserved 1048576K
}
Event: 1.191 GC heap before
{Heap before GC invocations=1 (full 0):
 garbage-first heap   total 258048K, used 29386K [0x0000000705a00000, 0x0000000800000000)
  region size 2048K, 12 young (24576K), 2 survivors (4096K)
 Metaspace       used 9632K, committed 9856K, reserved 1114112K
  class space    used 1191K, committed 1280K, reserved 1048576K
}
Event: 1.196 GC heap after
{Heap after GC invocations=2 (full 0):
 garbage-first heap   total 258048K, used 11735K [0x0000000705a00000, 0x0000000800000000)
  region size 2048K, 2 young (4096K), 2 survivors (4096K)
 Metaspace       used 9632K, committed 9856K, reserved 1114112K
  class space    used 1191K, committed 1280K, reserved 1048576K
}
Event: 1.538 GC heap before
{Heap before GC invocations=2 (full 0):
 garbage-first heap   total 258048K, used 28119K [0x0000000705a00000, 0x0000000800000000)
  region size 2048K, 11 young (22528K), 2 survivors (4096K)
 Metaspace       used 13739K, committed 14080K, reserved 1114112K
  class space    used 1831K, committed 1984K, reserved 1048576K
}
Event: 1.541 GC heap after
{Heap after GC invocations=3 (full 0):
 garbage-first heap   total 258048K, used 13180K [0x0000000705a00000, 0x0000000800000000)
  region size 2048K, 2 young (4096K), 2 survivors (4096K)
 Metaspace       used 13739K, committed 14080K, reserved 1114112K
  class space    used 1831K, committed 1984K, reserved 1048576K
}
Event: 2.000 GC heap before
{Heap before GC invocations=4 (full 0):
 garbage-first heap   total 55296K, used 54140K [0x0000000705a00000, 0x0000000800000000)
  region size 2048K, 22 young (45056K), 2 survivors (4096K)
 Metaspace       used 22313K, committed 22720K, reserved 1114112K
  class space    used 2970K, committed 3200K, reserved 1048576K
}
Event: 2.008 GC heap after
{Heap after GC invocations=5 (full 0):
 garbage-first heap   total 63488K, used 16218K [0x0000000705a00000, 0x0000000800000000)
  region size 2048K, 4 young (8192K), 4 survivors (8192K)
 Metaspace       used 22313K, committed 22720K, reserved 1114112K
  class space    used 2970K, committed 3200K, reserved 1048576K
}
Event: 2.069 GC heap before
{Heap before GC invocations=5 (full 0):
 garbage-first heap   total 63488K, used 20314K [0x0000000705a00000, 0x0000000800000000)
  region size 2048K, 7 young (14336K), 4 survivors (8192K)
 Metaspace       used 23096K, committed 23552K, reserved 1114112K
  class space    used 3083K, committed 3264K, reserved 1048576K
}
Event: 2.078 GC heap after
{Heap after GC invocations=6 (full 0):
 garbage-first heap   total 63488K, used 16455K [0x0000000705a00000, 0x0000000800000000)
  region size 2048K, 2 young (4096K), 2 survivors (4096K)
 Metaspace       used 23096K, committed 23552K, reserved 1114112K
  class space    used 3083K, committed 3264K, reserved 1048576K
}
Event: 2.091 GC heap before
{Heap before GC invocations=6 (full 0):
 garbage-first heap   total 63488K, used 16455K [0x0000000705a00000, 0x0000000800000000)
  region size 2048K, 3 young (6144K), 2 survivors (4096K)
 Metaspace       used 23395K, committed 23808K, reserved 1114112K
  class space    used 3123K, committed 3328K, reserved 1048576K
}
Event: 2.094 GC heap after
{Heap after GC invocations=7 (full 0):
 garbage-first heap   total 63488K, used 16596K [0x0000000705a00000, 0x0000000800000000)
  region size 2048K, 1 young (2048K), 1 survivors (2048K)
 Metaspace       used 23395K, committed 23808K, reserved 1114112K
  class space    used 3123K, committed 3328K, reserved 1048576K
}
Event: 2.633 GC heap before
{Heap before GC invocations=8 (full 0):
 garbage-first heap   total 63488K, used 47316K [0x0000000705a00000, 0x0000000800000000)
  region size 2048K, 16 young (32768K), 1 survivors (2048K)
 Metaspace       used 28586K, committed 28992K, reserved 1114112K
  class space    used 3865K, committed 4032K, reserved 1048576K
}

